INFO:root:File classification\data.three_gauss.train.500.csv loaded
INFO:root:File classification\data.three_gauss.test.500.csv loaded
INFO:root:
=========================
Network trained

INFO:root:
=========================
Network trained

INFO:root:
=========================
Network trained

INFO:root:
=========================
Network trained

INFO:root:
=========================
Network trained

INFO:root:
=========================
Network trained

INFO:root:
=========================
Network trained

INFO:root:
=========================
Network trained

INFO:root:
=========================
Network trained

INFO:root:
=========================
Network trained

INFO:root:
=========================
Network trained

INFO:root:
=========================
Network trained

INFO:root:
=========================
Network trained

INFO:root:
=========================
Network trained

INFO:root:
=========================
Network trained

INFO:root:
=========================
Network trained

INFO:root:
=========================
Network trained

INFO:root:
=========================
Network trained

INFO:root:
=========================
Network trained

INFO:root:
=========================
Network trained

INFO:root:
=========================
Network trained

INFO:root:
=========================
Network trained

INFO:root:
=========================
Network trained

